2021-01-10 03:57:19.587 [main] INFO  com.atshixin.edu.EduApplication - Starting EduApplication on xieshixindeMacBook-Pro.local with PID 6520 (/Users/xieshixin/learnplace/java/guli/service/edu/target/classes started by xieshixin in /Users/xieshixin/learnplace/java/guli)
2021-01-10 03:57:19.593 [main] INFO  com.atshixin.edu.EduApplication - The following profiles are active: dev
2021-01-10 03:57:21.490 [main] INFO  o.s.boot.web.embedded.tomcat.TomcatWebServer - Tomcat initialized with port(s): 8090 (http)
2021-01-10 03:57:21.504 [main] INFO  org.apache.coyote.http11.Http11NioProtocol - Initializing ProtocolHandler ["http-nio-8090"]
2021-01-10 03:57:21.505 [main] INFO  org.apache.catalina.core.StandardService - Starting service [Tomcat]
2021-01-10 03:57:21.505 [main] INFO  org.apache.catalina.core.StandardEngine - Starting Servlet engine: [Apache Tomcat/9.0.31]
2021-01-10 03:57:21.623 [main] INFO  o.a.c.core.ContainerBase.[Tomcat].[localhost].[/] - Initializing Spring embedded WebApplicationContext
2021-01-10 03:57:21.625 [main] INFO  org.springframework.web.context.ContextLoader - Root WebApplicationContext: initialization completed in 1879 ms
2021-01-10 03:57:21.895 [main] INFO  com.zaxxer.hikari.HikariDataSource - HikariPool-1 - Starting...
2021-01-10 03:57:22.487 [main] INFO  com.zaxxer.hikari.HikariDataSource - HikariPool-1 - Start completed.
2021-01-10 03:57:23.144 [main] INFO  s.d.s.w.PropertySourcedRequestMappingHandlerMapping - Mapped URL path [/v2/api-docs] onto method [springfox.documentation.swagger2.web.Swagger2Controller#getDocumentation(String, HttpServletRequest)]
2021-01-10 03:57:23.286 [main] INFO  o.s.scheduling.concurrent.ThreadPoolTaskExecutor - Initializing ExecutorService 'applicationTaskExecutor'
2021-01-10 03:57:23.536 [main] INFO  s.d.s.web.plugins.DocumentationPluginsBootstrapper - Context refreshed
2021-01-10 03:57:23.563 [main] INFO  s.d.s.web.plugins.DocumentationPluginsBootstrapper - Found 1 custom documentation plugin(s)
2021-01-10 03:57:23.628 [main] INFO  s.d.spring.web.scanners.ApiListingReferenceScanner - Scanning for api listing references
2021-01-10 03:57:23.856 [main] INFO  org.apache.coyote.http11.Http11NioProtocol - Starting ProtocolHandler ["http-nio-8090"]
2021-01-10 03:57:23.884 [main] INFO  org.apache.coyote.http11.Http11NioProtocol - Pausing ProtocolHandler ["http-nio-8090"]
2021-01-10 03:57:23.884 [main] INFO  org.apache.catalina.core.StandardService - Stopping service [Tomcat]
2021-01-10 03:57:23.889 [main] INFO  org.apache.coyote.http11.Http11NioProtocol - Stopping ProtocolHandler ["http-nio-8090"]
2021-01-10 03:57:23.889 [main] INFO  org.apache.coyote.http11.Http11NioProtocol - Destroying ProtocolHandler ["http-nio-8090"]
2021-01-10 03:57:23.918 [main] INFO  o.s.b.a.l.ConditionEvaluationReportLoggingListener - 

Error starting ApplicationContext. To display the conditions report re-run your application with 'debug' enabled.
2021-01-10 03:57:23.930 [main] INFO  o.s.scheduling.concurrent.ThreadPoolTaskExecutor - Shutting down ExecutorService 'applicationTaskExecutor'
2021-01-10 03:57:23.933 [main] INFO  com.zaxxer.hikari.HikariDataSource - HikariPool-1 - Shutdown initiated...
2021-01-10 03:57:23.946 [main] INFO  com.zaxxer.hikari.HikariDataSource - HikariPool-1 - Shutdown completed.
2021-01-10 03:58:20.163 [main] INFO  com.atshixin.edu.EduApplication - Starting EduApplication on xieshixindeMacBook-Pro.local with PID 6542 (/Users/xieshixin/learnplace/java/guli/service/edu/target/classes started by xieshixin in /Users/xieshixin/learnplace/java/guli)
2021-01-10 03:58:20.167 [main] INFO  com.atshixin.edu.EduApplication - The following profiles are active: dev
2021-01-10 03:58:22.524 [main] INFO  o.s.boot.web.embedded.tomcat.TomcatWebServer - Tomcat initialized with port(s): 8090 (http)
2021-01-10 03:58:22.536 [main] INFO  org.apache.coyote.http11.Http11NioProtocol - Initializing ProtocolHandler ["http-nio-8090"]
2021-01-10 03:58:22.537 [main] INFO  org.apache.catalina.core.StandardService - Starting service [Tomcat]
2021-01-10 03:58:22.538 [main] INFO  org.apache.catalina.core.StandardEngine - Starting Servlet engine: [Apache Tomcat/9.0.31]
2021-01-10 03:58:22.617 [main] INFO  o.a.c.core.ContainerBase.[Tomcat].[localhost].[/] - Initializing Spring embedded WebApplicationContext
2021-01-10 03:58:22.618 [main] INFO  org.springframework.web.context.ContextLoader - Root WebApplicationContext: initialization completed in 2313 ms
2021-01-10 03:58:22.866 [main] INFO  com.zaxxer.hikari.HikariDataSource - HikariPool-1 - Starting...
2021-01-10 03:58:23.599 [main] INFO  com.zaxxer.hikari.HikariDataSource - HikariPool-1 - Start completed.
2021-01-10 03:58:24.178 [main] INFO  s.d.s.w.PropertySourcedRequestMappingHandlerMapping - Mapped URL path [/v2/api-docs] onto method [springfox.documentation.swagger2.web.Swagger2Controller#getDocumentation(String, HttpServletRequest)]
2021-01-10 03:58:24.260 [main] INFO  o.s.scheduling.concurrent.ThreadPoolTaskExecutor - Initializing ExecutorService 'applicationTaskExecutor'
2021-01-10 03:58:24.519 [main] INFO  s.d.s.web.plugins.DocumentationPluginsBootstrapper - Context refreshed
2021-01-10 03:58:24.533 [main] INFO  s.d.s.web.plugins.DocumentationPluginsBootstrapper - Found 1 custom documentation plugin(s)
2021-01-10 03:58:24.576 [main] INFO  s.d.spring.web.scanners.ApiListingReferenceScanner - Scanning for api listing references
2021-01-10 03:58:24.939 [main] INFO  org.apache.coyote.http11.Http11NioProtocol - Starting ProtocolHandler ["http-nio-8090"]
2021-01-10 03:58:24.986 [main] INFO  o.s.boot.web.embedded.tomcat.TomcatWebServer - Tomcat started on port(s): 8090 (http) with context path ''
2021-01-10 03:58:24.991 [main] INFO  com.atshixin.edu.EduApplication - Started EduApplication in 5.86 seconds (JVM running for 7.057)
2021-01-10 03:59:16.041 [http-nio-8090-exec-1] INFO  o.a.c.core.ContainerBase.[Tomcat].[localhost].[/] - Initializing Spring DispatcherServlet 'dispatcherServlet'
2021-01-10 03:59:16.042 [http-nio-8090-exec-1] INFO  org.springframework.web.servlet.DispatcherServlet - Initializing Servlet 'dispatcherServlet'
2021-01-10 03:59:16.053 [http-nio-8090-exec-1] INFO  org.springframework.web.servlet.DispatcherServlet - Completed initialization in 11 ms
2021-01-10 04:05:35.366 [SpringContextShutdownHook] INFO  o.s.scheduling.concurrent.ThreadPoolTaskExecutor - Shutting down ExecutorService 'applicationTaskExecutor'
2021-01-10 04:05:35.375 [SpringContextShutdownHook] INFO  com.zaxxer.hikari.HikariDataSource - HikariPool-1 - Shutdown initiated...
2021-01-10 04:05:35.393 [SpringContextShutdownHook] INFO  com.zaxxer.hikari.HikariDataSource - HikariPool-1 - Shutdown completed.
2021-01-10 04:05:41.892 [main] INFO  com.atshixin.edu.EduApplication - Starting EduApplication on xieshixindeMacBook-Pro.local with PID 6604 (/Users/xieshixin/learnplace/java/guli/service/edu/target/classes started by xieshixin in /Users/xieshixin/learnplace/java/guli)
2021-01-10 04:05:41.895 [main] INFO  com.atshixin.edu.EduApplication - The following profiles are active: dev
2021-01-10 04:05:43.114 [main] INFO  o.s.boot.web.embedded.tomcat.TomcatWebServer - Tomcat initialized with port(s): 8090 (http)
2021-01-10 04:05:43.122 [main] INFO  org.apache.coyote.http11.Http11NioProtocol - Initializing ProtocolHandler ["http-nio-8090"]
2021-01-10 04:05:43.123 [main] INFO  org.apache.catalina.core.StandardService - Starting service [Tomcat]
2021-01-10 04:05:43.123 [main] INFO  org.apache.catalina.core.StandardEngine - Starting Servlet engine: [Apache Tomcat/9.0.31]
2021-01-10 04:05:43.183 [main] INFO  o.a.c.core.ContainerBase.[Tomcat].[localhost].[/] - Initializing Spring embedded WebApplicationContext
2021-01-10 04:05:43.184 [main] INFO  org.springframework.web.context.ContextLoader - Root WebApplicationContext: initialization completed in 1198 ms
2021-01-10 04:05:43.379 [main] INFO  com.zaxxer.hikari.HikariDataSource - HikariPool-1 - Starting...
2021-01-10 04:05:43.749 [main] INFO  com.zaxxer.hikari.HikariDataSource - HikariPool-1 - Start completed.
2021-01-10 04:05:44.181 [main] INFO  s.d.s.w.PropertySourcedRequestMappingHandlerMapping - Mapped URL path [/v2/api-docs] onto method [springfox.documentation.swagger2.web.Swagger2Controller#getDocumentation(String, HttpServletRequest)]
2021-01-10 04:05:44.262 [main] INFO  o.s.scheduling.concurrent.ThreadPoolTaskExecutor - Initializing ExecutorService 'applicationTaskExecutor'
2021-01-10 04:05:44.454 [main] INFO  s.d.s.web.plugins.DocumentationPluginsBootstrapper - Context refreshed
2021-01-10 04:05:44.467 [main] INFO  s.d.s.web.plugins.DocumentationPluginsBootstrapper - Found 1 custom documentation plugin(s)
2021-01-10 04:05:44.525 [main] INFO  s.d.spring.web.scanners.ApiListingReferenceScanner - Scanning for api listing references
2021-01-10 04:05:44.788 [main] INFO  org.apache.coyote.http11.Http11NioProtocol - Starting ProtocolHandler ["http-nio-8090"]
2021-01-10 04:05:44.826 [main] INFO  o.s.boot.web.embedded.tomcat.TomcatWebServer - Tomcat started on port(s): 8090 (http) with context path ''
2021-01-10 04:05:44.830 [main] INFO  com.atshixin.edu.EduApplication - Started EduApplication in 3.821 seconds (JVM running for 4.969)
2021-01-10 04:06:04.104 [http-nio-8090-exec-1] INFO  o.a.c.core.ContainerBase.[Tomcat].[localhost].[/] - Initializing Spring DispatcherServlet 'dispatcherServlet'
2021-01-10 04:06:04.112 [http-nio-8090-exec-1] INFO  org.springframework.web.servlet.DispatcherServlet - Initializing Servlet 'dispatcherServlet'
2021-01-10 04:06:04.122 [http-nio-8090-exec-1] INFO  org.springframework.web.servlet.DispatcherServlet - Completed initialization in 9 ms
2021-01-10 05:01:48.672 [SpringContextShutdownHook] INFO  o.s.scheduling.concurrent.ThreadPoolTaskExecutor - Shutting down ExecutorService 'applicationTaskExecutor'
2021-01-10 05:01:48.675 [SpringContextShutdownHook] INFO  com.zaxxer.hikari.HikariDataSource - HikariPool-1 - Shutdown initiated...
2021-01-10 05:01:48.688 [SpringContextShutdownHook] INFO  com.zaxxer.hikari.HikariDataSource - HikariPool-1 - Shutdown completed.
2021-01-10 05:01:59.067 [main] INFO  com.atshixin.edu.EduApplication - Starting EduApplication on xieshixindeMacBook-Pro.local with PID 6902 (/Users/xieshixin/learnplace/java/guli/service/edu/target/classes started by xieshixin in /Users/xieshixin/learnplace/java/guli)
2021-01-10 05:01:59.070 [main] INFO  com.atshixin.edu.EduApplication - The following profiles are active: dev
2021-01-10 05:02:00.595 [main] INFO  o.s.boot.web.embedded.tomcat.TomcatWebServer - Tomcat initialized with port(s): 8090 (http)
2021-01-10 05:02:00.603 [main] INFO  org.apache.coyote.http11.Http11NioProtocol - Initializing ProtocolHandler ["http-nio-8090"]
2021-01-10 05:02:00.603 [main] INFO  org.apache.catalina.core.StandardService - Starting service [Tomcat]
2021-01-10 05:02:00.604 [main] INFO  org.apache.catalina.core.StandardEngine - Starting Servlet engine: [Apache Tomcat/9.0.31]
2021-01-10 05:02:00.669 [main] INFO  o.a.c.core.ContainerBase.[Tomcat].[localhost].[/] - Initializing Spring embedded WebApplicationContext
2021-01-10 05:02:00.669 [main] INFO  org.springframework.web.context.ContextLoader - Root WebApplicationContext: initialization completed in 1505 ms
2021-01-10 05:02:00.848 [main] INFO  com.zaxxer.hikari.HikariDataSource - HikariPool-1 - Starting...
2021-01-10 05:02:01.184 [main] INFO  com.zaxxer.hikari.HikariDataSource - HikariPool-1 - Start completed.
2021-01-10 05:02:01.712 [main] INFO  s.d.s.w.PropertySourcedRequestMappingHandlerMapping - Mapped URL path [/v2/api-docs] onto method [springfox.documentation.swagger2.web.Swagger2Controller#getDocumentation(String, HttpServletRequest)]
2021-01-10 05:02:01.800 [main] INFO  o.s.scheduling.concurrent.ThreadPoolTaskExecutor - Initializing ExecutorService 'applicationTaskExecutor'
2021-01-10 05:02:01.990 [main] INFO  s.d.s.web.plugins.DocumentationPluginsBootstrapper - Context refreshed
2021-01-10 05:02:02.007 [main] INFO  s.d.s.web.plugins.DocumentationPluginsBootstrapper - Found 1 custom documentation plugin(s)
2021-01-10 05:02:02.052 [main] INFO  s.d.spring.web.scanners.ApiListingReferenceScanner - Scanning for api listing references
2021-01-10 05:02:02.216 [main] INFO  org.apache.coyote.http11.Http11NioProtocol - Starting ProtocolHandler ["http-nio-8090"]
2021-01-10 05:02:02.249 [main] INFO  o.s.boot.web.embedded.tomcat.TomcatWebServer - Tomcat started on port(s): 8090 (http) with context path ''
2021-01-10 05:02:02.254 [main] INFO  com.atshixin.edu.EduApplication - Started EduApplication in 3.97 seconds (JVM running for 5.406)
2021-01-10 05:02:04.070 [http-nio-8090-exec-1] INFO  o.a.c.core.ContainerBase.[Tomcat].[localhost].[/] - Initializing Spring DispatcherServlet 'dispatcherServlet'
2021-01-10 05:02:04.070 [http-nio-8090-exec-1] INFO  org.springframework.web.servlet.DispatcherServlet - Initializing Servlet 'dispatcherServlet'
2021-01-10 05:02:04.077 [http-nio-8090-exec-1] INFO  org.springframework.web.servlet.DispatcherServlet - Completed initialization in 7 ms
2021-01-10 05:10:17.902 [SpringContextShutdownHook] INFO  o.s.scheduling.concurrent.ThreadPoolTaskExecutor - Shutting down ExecutorService 'applicationTaskExecutor'
2021-01-10 05:10:17.905 [SpringContextShutdownHook] INFO  com.zaxxer.hikari.HikariDataSource - HikariPool-1 - Shutdown initiated...
2021-01-10 05:10:17.917 [SpringContextShutdownHook] INFO  com.zaxxer.hikari.HikariDataSource - HikariPool-1 - Shutdown completed.
2021-01-10 05:10:27.099 [main] INFO  com.atshixin.edu.EduApplication - Starting EduApplication on xieshixindeMacBook-Pro.local with PID 6932 (/Users/xieshixin/learnplace/java/guli/service/edu/target/classes started by xieshixin in /Users/xieshixin/learnplace/java/guli)
2021-01-10 05:10:27.106 [main] INFO  com.atshixin.edu.EduApplication - The following profiles are active: dev
2021-01-10 05:10:28.514 [main] INFO  o.s.boot.web.embedded.tomcat.TomcatWebServer - Tomcat initialized with port(s): 8090 (http)
2021-01-10 05:10:28.524 [main] INFO  org.apache.coyote.http11.Http11NioProtocol - Initializing ProtocolHandler ["http-nio-8090"]
2021-01-10 05:10:28.525 [main] INFO  org.apache.catalina.core.StandardService - Starting service [Tomcat]
2021-01-10 05:10:28.526 [main] INFO  org.apache.catalina.core.StandardEngine - Starting Servlet engine: [Apache Tomcat/9.0.31]
2021-01-10 05:10:28.620 [main] INFO  o.a.c.core.ContainerBase.[Tomcat].[localhost].[/] - Initializing Spring embedded WebApplicationContext
2021-01-10 05:10:28.621 [main] INFO  org.springframework.web.context.ContextLoader - Root WebApplicationContext: initialization completed in 1391 ms
2021-01-10 05:10:28.849 [main] INFO  com.zaxxer.hikari.HikariDataSource - HikariPool-1 - Starting...
2021-01-10 05:10:29.294 [main] INFO  com.zaxxer.hikari.HikariDataSource - HikariPool-1 - Start completed.
2021-01-10 05:10:29.931 [main] INFO  s.d.s.w.PropertySourcedRequestMappingHandlerMapping - Mapped URL path [/v2/api-docs] onto method [springfox.documentation.swagger2.web.Swagger2Controller#getDocumentation(String, HttpServletRequest)]
2021-01-10 05:10:30.014 [main] INFO  o.s.scheduling.concurrent.ThreadPoolTaskExecutor - Initializing ExecutorService 'applicationTaskExecutor'
2021-01-10 05:10:30.205 [main] INFO  s.d.s.web.plugins.DocumentationPluginsBootstrapper - Context refreshed
2021-01-10 05:10:30.222 [main] INFO  s.d.s.web.plugins.DocumentationPluginsBootstrapper - Found 1 custom documentation plugin(s)
2021-01-10 05:10:30.272 [main] INFO  s.d.spring.web.scanners.ApiListingReferenceScanner - Scanning for api listing references
2021-01-10 05:10:30.455 [main] INFO  org.apache.coyote.http11.Http11NioProtocol - Starting ProtocolHandler ["http-nio-8090"]
2021-01-10 05:10:30.495 [main] INFO  o.s.boot.web.embedded.tomcat.TomcatWebServer - Tomcat started on port(s): 8090 (http) with context path ''
2021-01-10 05:10:30.499 [main] INFO  com.atshixin.edu.EduApplication - Started EduApplication in 4.481 seconds (JVM running for 5.671)
2021-01-10 05:10:33.536 [http-nio-8090-exec-1] INFO  o.a.c.core.ContainerBase.[Tomcat].[localhost].[/] - Initializing Spring DispatcherServlet 'dispatcherServlet'
2021-01-10 05:10:33.537 [http-nio-8090-exec-1] INFO  org.springframework.web.servlet.DispatcherServlet - Initializing Servlet 'dispatcherServlet'
2021-01-10 05:10:33.545 [http-nio-8090-exec-1] INFO  org.springframework.web.servlet.DispatcherServlet - Completed initialization in 8 ms
2021-01-10 05:57:45.801 [SpringContextShutdownHook] INFO  o.s.scheduling.concurrent.ThreadPoolTaskExecutor - Shutting down ExecutorService 'applicationTaskExecutor'
2021-01-10 05:57:45.805 [SpringContextShutdownHook] INFO  com.zaxxer.hikari.HikariDataSource - HikariPool-1 - Shutdown initiated...
2021-01-10 05:57:45.814 [SpringContextShutdownHook] INFO  com.zaxxer.hikari.HikariDataSource - HikariPool-1 - Shutdown completed.
2021-01-10 05:57:51.782 [main] INFO  com.atshixin.edu.EduApplication - Starting EduApplication on xieshixindeMacBook-Pro.local with PID 7473 (/Users/xieshixin/learnplace/java/guli/service/edu/target/classes started by xieshixin in /Users/xieshixin/learnplace/java/guli)
2021-01-10 05:57:51.786 [main] INFO  com.atshixin.edu.EduApplication - The following profiles are active: dev
2021-01-10 05:57:53.007 [main] INFO  o.s.boot.web.embedded.tomcat.TomcatWebServer - Tomcat initialized with port(s): 8090 (http)
2021-01-10 05:57:53.016 [main] INFO  org.apache.coyote.http11.Http11NioProtocol - Initializing ProtocolHandler ["http-nio-8090"]
2021-01-10 05:57:53.017 [main] INFO  org.apache.catalina.core.StandardService - Starting service [Tomcat]
2021-01-10 05:57:53.017 [main] INFO  org.apache.catalina.core.StandardEngine - Starting Servlet engine: [Apache Tomcat/9.0.31]
2021-01-10 05:57:53.080 [main] INFO  o.a.c.core.ContainerBase.[Tomcat].[localhost].[/] - Initializing Spring embedded WebApplicationContext
2021-01-10 05:57:53.081 [main] INFO  org.springframework.web.context.ContextLoader - Root WebApplicationContext: initialization completed in 1213 ms
2021-01-10 05:57:53.243 [main] INFO  com.zaxxer.hikari.HikariDataSource - HikariPool-1 - Starting...
2021-01-10 05:57:53.577 [main] INFO  com.zaxxer.hikari.HikariDataSource - HikariPool-1 - Start completed.
2021-01-10 05:57:54.062 [main] INFO  s.d.s.w.PropertySourcedRequestMappingHandlerMapping - Mapped URL path [/v2/api-docs] onto method [springfox.documentation.swagger2.web.Swagger2Controller#getDocumentation(String, HttpServletRequest)]
2021-01-10 05:57:54.135 [main] INFO  o.s.scheduling.concurrent.ThreadPoolTaskExecutor - Initializing ExecutorService 'applicationTaskExecutor'
2021-01-10 05:57:54.300 [main] INFO  s.d.s.web.plugins.DocumentationPluginsBootstrapper - Context refreshed
2021-01-10 05:57:54.313 [main] INFO  s.d.s.web.plugins.DocumentationPluginsBootstrapper - Found 1 custom documentation plugin(s)
2021-01-10 05:57:54.354 [main] INFO  s.d.spring.web.scanners.ApiListingReferenceScanner - Scanning for api listing references
2021-01-10 05:57:54.497 [main] INFO  org.apache.coyote.http11.Http11NioProtocol - Starting ProtocolHandler ["http-nio-8090"]
2021-01-10 05:57:54.539 [main] INFO  o.s.boot.web.embedded.tomcat.TomcatWebServer - Tomcat started on port(s): 8090 (http) with context path ''
2021-01-10 05:57:54.543 [main] INFO  com.atshixin.edu.EduApplication - Started EduApplication in 3.547 seconds (JVM running for 4.515)
2021-01-10 05:57:58.264 [http-nio-8090-exec-1] INFO  o.a.c.core.ContainerBase.[Tomcat].[localhost].[/] - Initializing Spring DispatcherServlet 'dispatcherServlet'
2021-01-10 05:57:58.265 [http-nio-8090-exec-1] INFO  org.springframework.web.servlet.DispatcherServlet - Initializing Servlet 'dispatcherServlet'
2021-01-10 05:57:58.271 [http-nio-8090-exec-1] INFO  org.springframework.web.servlet.DispatcherServlet - Completed initialization in 6 ms
