2021-01-06 14:40:08.078 [main] INFO  com.atshixin.edu.EduApplication - Starting EduApplication on xieshixindeMacBook-Pro.local with PID 6341 (/Users/xieshixin/learnplace/java/guli/service/edu/target/classes started by xieshixin in /Users/xieshixin/learnplace/java/guli)
2021-01-06 14:40:08.082 [main] INFO  com.atshixin.edu.EduApplication - The following profiles are active: dev
2021-01-06 14:40:09.684 [main] INFO  o.s.boot.web.embedded.tomcat.TomcatWebServer - Tomcat initialized with port(s): 8090 (http)
2021-01-06 14:40:09.692 [main] INFO  org.apache.coyote.http11.Http11NioProtocol - Initializing ProtocolHandler ["http-nio-8090"]
2021-01-06 14:40:09.693 [main] INFO  org.apache.catalina.core.StandardService - Starting service [Tomcat]
2021-01-06 14:40:09.694 [main] INFO  org.apache.catalina.core.StandardEngine - Starting Servlet engine: [Apache Tomcat/9.0.31]
2021-01-06 14:40:09.754 [main] INFO  o.a.c.core.ContainerBase.[Tomcat].[localhost].[/] - Initializing Spring embedded WebApplicationContext
2021-01-06 14:40:09.754 [main] INFO  org.springframework.web.context.ContextLoader - Root WebApplicationContext: initialization completed in 1534 ms
2021-01-06 14:40:09.981 [main] INFO  com.zaxxer.hikari.HikariDataSource - HikariPool-1 - Starting...
2021-01-06 14:40:10.372 [main] INFO  com.zaxxer.hikari.HikariDataSource - HikariPool-1 - Start completed.
2021-01-06 14:40:10.818 [main] INFO  s.d.s.w.PropertySourcedRequestMappingHandlerMapping - Mapped URL path [/v2/api-docs] onto method [springfox.documentation.swagger2.web.Swagger2Controller#getDocumentation(String, HttpServletRequest)]
2021-01-06 14:40:10.893 [main] INFO  o.s.scheduling.concurrent.ThreadPoolTaskExecutor - Initializing ExecutorService 'applicationTaskExecutor'
2021-01-06 14:40:11.078 [main] INFO  s.d.s.web.plugins.DocumentationPluginsBootstrapper - Context refreshed
2021-01-06 14:40:11.099 [main] INFO  s.d.s.web.plugins.DocumentationPluginsBootstrapper - Found 1 custom documentation plugin(s)
2021-01-06 14:40:11.149 [main] INFO  s.d.spring.web.scanners.ApiListingReferenceScanner - Scanning for api listing references
2021-01-06 14:40:11.305 [main] INFO  org.apache.coyote.http11.Http11NioProtocol - Starting ProtocolHandler ["http-nio-8090"]
2021-01-06 14:40:11.339 [main] INFO  o.s.boot.web.embedded.tomcat.TomcatWebServer - Tomcat started on port(s): 8090 (http) with context path ''
2021-01-06 14:40:11.342 [main] INFO  com.atshixin.edu.EduApplication - Started EduApplication in 3.937 seconds (JVM running for 4.89)
2021-01-06 14:40:15.754 [http-nio-8090-exec-2] INFO  o.a.c.core.ContainerBase.[Tomcat].[localhost].[/] - Initializing Spring DispatcherServlet 'dispatcherServlet'
2021-01-06 14:40:15.755 [http-nio-8090-exec-2] INFO  org.springframework.web.servlet.DispatcherServlet - Initializing Servlet 'dispatcherServlet'
2021-01-06 14:40:15.770 [http-nio-8090-exec-2] INFO  org.springframework.web.servlet.DispatcherServlet - Completed initialization in 15 ms
2021-01-06 14:42:41.303 [SpringContextShutdownHook] INFO  o.s.scheduling.concurrent.ThreadPoolTaskExecutor - Shutting down ExecutorService 'applicationTaskExecutor'
2021-01-06 14:42:41.307 [SpringContextShutdownHook] INFO  com.zaxxer.hikari.HikariDataSource - HikariPool-1 - Shutdown initiated...
2021-01-06 14:42:41.314 [SpringContextShutdownHook] INFO  com.zaxxer.hikari.HikariDataSource - HikariPool-1 - Shutdown completed.
2021-01-06 14:42:46.749 [main] INFO  com.atshixin.edu.EduApplication - Starting EduApplication on xieshixindeMacBook-Pro.local with PID 6369 (/Users/xieshixin/learnplace/java/guli/service/edu/target/classes started by xieshixin in /Users/xieshixin/learnplace/java/guli)
2021-01-06 14:42:46.752 [main] INFO  com.atshixin.edu.EduApplication - The following profiles are active: dev
2021-01-06 14:42:48.795 [main] INFO  o.s.boot.web.embedded.tomcat.TomcatWebServer - Tomcat initialized with port(s): 8090 (http)
2021-01-06 14:42:48.802 [main] INFO  org.apache.coyote.http11.Http11NioProtocol - Initializing ProtocolHandler ["http-nio-8090"]
2021-01-06 14:42:48.803 [main] INFO  org.apache.catalina.core.StandardService - Starting service [Tomcat]
2021-01-06 14:42:48.803 [main] INFO  org.apache.catalina.core.StandardEngine - Starting Servlet engine: [Apache Tomcat/9.0.31]
2021-01-06 14:42:48.861 [main] INFO  o.a.c.core.ContainerBase.[Tomcat].[localhost].[/] - Initializing Spring embedded WebApplicationContext
2021-01-06 14:42:48.861 [main] INFO  org.springframework.web.context.ContextLoader - Root WebApplicationContext: initialization completed in 1972 ms
2021-01-06 14:42:49.005 [main] INFO  com.zaxxer.hikari.HikariDataSource - HikariPool-1 - Starting...
2021-01-06 14:42:49.365 [main] INFO  com.zaxxer.hikari.HikariDataSource - HikariPool-1 - Start completed.
2021-01-06 14:42:49.753 [main] INFO  s.d.s.w.PropertySourcedRequestMappingHandlerMapping - Mapped URL path [/v2/api-docs] onto method [springfox.documentation.swagger2.web.Swagger2Controller#getDocumentation(String, HttpServletRequest)]
2021-01-06 14:42:49.832 [main] INFO  o.s.scheduling.concurrent.ThreadPoolTaskExecutor - Initializing ExecutorService 'applicationTaskExecutor'
2021-01-06 14:42:50.006 [main] INFO  s.d.s.web.plugins.DocumentationPluginsBootstrapper - Context refreshed
2021-01-06 14:42:50.020 [main] INFO  s.d.s.web.plugins.DocumentationPluginsBootstrapper - Found 1 custom documentation plugin(s)
2021-01-06 14:42:50.060 [main] INFO  s.d.spring.web.scanners.ApiListingReferenceScanner - Scanning for api listing references
2021-01-06 14:42:50.178 [main] INFO  org.apache.coyote.http11.Http11NioProtocol - Starting ProtocolHandler ["http-nio-8090"]
2021-01-06 14:42:50.253 [main] INFO  o.s.boot.web.embedded.tomcat.TomcatWebServer - Tomcat started on port(s): 8090 (http) with context path ''
2021-01-06 14:42:50.256 [main] INFO  com.atshixin.edu.EduApplication - Started EduApplication in 4.148 seconds (JVM running for 4.847)
2021-01-06 14:42:56.844 [http-nio-8090-exec-1] INFO  o.a.c.core.ContainerBase.[Tomcat].[localhost].[/] - Initializing Spring DispatcherServlet 'dispatcherServlet'
2021-01-06 14:42:56.845 [http-nio-8090-exec-1] INFO  org.springframework.web.servlet.DispatcherServlet - Initializing Servlet 'dispatcherServlet'
2021-01-06 14:42:56.855 [http-nio-8090-exec-1] INFO  org.springframework.web.servlet.DispatcherServlet - Completed initialization in 10 ms
2021-01-06 14:43:41.812 [SpringContextShutdownHook] INFO  o.s.scheduling.concurrent.ThreadPoolTaskExecutor - Shutting down ExecutorService 'applicationTaskExecutor'
2021-01-06 14:43:41.816 [SpringContextShutdownHook] INFO  com.zaxxer.hikari.HikariDataSource - HikariPool-1 - Shutdown initiated...
2021-01-06 14:43:41.820 [SpringContextShutdownHook] INFO  com.zaxxer.hikari.HikariDataSource - HikariPool-1 - Shutdown completed.
2021-01-06 14:43:47.789 [main] INFO  com.atshixin.edu.EduApplication - Starting EduApplication on xieshixindeMacBook-Pro.local with PID 6380 (/Users/xieshixin/learnplace/java/guli/service/edu/target/classes started by xieshixin in /Users/xieshixin/learnplace/java/guli)
2021-01-06 14:43:47.793 [main] INFO  com.atshixin.edu.EduApplication - The following profiles are active: dev
2021-01-06 14:43:50.001 [main] INFO  o.s.boot.web.embedded.tomcat.TomcatWebServer - Tomcat initialized with port(s): 8090 (http)
2021-01-06 14:43:50.009 [main] INFO  org.apache.coyote.http11.Http11NioProtocol - Initializing ProtocolHandler ["http-nio-8090"]
2021-01-06 14:43:50.009 [main] INFO  org.apache.catalina.core.StandardService - Starting service [Tomcat]
2021-01-06 14:43:50.010 [main] INFO  org.apache.catalina.core.StandardEngine - Starting Servlet engine: [Apache Tomcat/9.0.31]
2021-01-06 14:43:50.070 [main] INFO  o.a.c.core.ContainerBase.[Tomcat].[localhost].[/] - Initializing Spring embedded WebApplicationContext
2021-01-06 14:43:50.070 [main] INFO  org.springframework.web.context.ContextLoader - Root WebApplicationContext: initialization completed in 2196 ms
2021-01-06 14:43:50.252 [main] INFO  com.zaxxer.hikari.HikariDataSource - HikariPool-1 - Starting...
2021-01-06 14:43:50.636 [main] INFO  com.zaxxer.hikari.HikariDataSource - HikariPool-1 - Start completed.
2021-01-06 14:43:51.072 [main] INFO  s.d.s.w.PropertySourcedRequestMappingHandlerMapping - Mapped URL path [/v2/api-docs] onto method [springfox.documentation.swagger2.web.Swagger2Controller#getDocumentation(String, HttpServletRequest)]
2021-01-06 14:43:51.142 [main] INFO  o.s.scheduling.concurrent.ThreadPoolTaskExecutor - Initializing ExecutorService 'applicationTaskExecutor'
2021-01-06 14:43:51.302 [main] INFO  s.d.s.web.plugins.DocumentationPluginsBootstrapper - Context refreshed
2021-01-06 14:43:51.313 [main] INFO  s.d.s.web.plugins.DocumentationPluginsBootstrapper - Found 1 custom documentation plugin(s)
2021-01-06 14:43:51.347 [main] INFO  s.d.spring.web.scanners.ApiListingReferenceScanner - Scanning for api listing references
2021-01-06 14:43:51.469 [main] INFO  org.apache.coyote.http11.Http11NioProtocol - Starting ProtocolHandler ["http-nio-8090"]
2021-01-06 14:43:51.501 [main] INFO  o.s.boot.web.embedded.tomcat.TomcatWebServer - Tomcat started on port(s): 8090 (http) with context path ''
2021-01-06 14:43:51.504 [main] INFO  com.atshixin.edu.EduApplication - Started EduApplication in 4.344 seconds (JVM running for 5.151)
2021-01-06 14:47:17.702 [http-nio-8090-exec-1] INFO  o.a.c.core.ContainerBase.[Tomcat].[localhost].[/] - Initializing Spring DispatcherServlet 'dispatcherServlet'
2021-01-06 14:47:17.703 [http-nio-8090-exec-1] INFO  org.springframework.web.servlet.DispatcherServlet - Initializing Servlet 'dispatcherServlet'
2021-01-06 14:47:17.717 [http-nio-8090-exec-1] INFO  org.springframework.web.servlet.DispatcherServlet - Completed initialization in 13 ms
2021-01-06 17:06:35.179 [SpringContextShutdownHook] INFO  o.s.scheduling.concurrent.ThreadPoolTaskExecutor - Shutting down ExecutorService 'applicationTaskExecutor'
2021-01-06 17:06:35.182 [SpringContextShutdownHook] INFO  com.zaxxer.hikari.HikariDataSource - HikariPool-1 - Shutdown initiated...
2021-01-06 17:06:35.189 [SpringContextShutdownHook] INFO  com.zaxxer.hikari.HikariDataSource - HikariPool-1 - Shutdown completed.
2021-01-06 17:06:38.926 [main] INFO  com.atshixin.edu.EduApplication - Starting EduApplication on xieshixindeMacBook-Pro.local with PID 8921 (/Users/xieshixin/learnplace/java/guli/service/edu/target/classes started by xieshixin in /Users/xieshixin/learnplace/java/guli)
2021-01-06 17:06:38.929 [main] INFO  com.atshixin.edu.EduApplication - The following profiles are active: dev
2021-01-06 17:06:40.191 [main] INFO  o.s.boot.web.embedded.tomcat.TomcatWebServer - Tomcat initialized with port(s): 8090 (http)
2021-01-06 17:06:40.199 [main] INFO  org.apache.coyote.http11.Http11NioProtocol - Initializing ProtocolHandler ["http-nio-8090"]
2021-01-06 17:06:40.200 [main] INFO  org.apache.catalina.core.StandardService - Starting service [Tomcat]
2021-01-06 17:06:40.200 [main] INFO  org.apache.catalina.core.StandardEngine - Starting Servlet engine: [Apache Tomcat/9.0.31]
2021-01-06 17:06:40.262 [main] INFO  o.a.c.core.ContainerBase.[Tomcat].[localhost].[/] - Initializing Spring embedded WebApplicationContext
2021-01-06 17:06:40.263 [main] INFO  org.springframework.web.context.ContextLoader - Root WebApplicationContext: initialization completed in 1285 ms
2021-01-06 17:06:40.393 [main] INFO  com.zaxxer.hikari.HikariDataSource - HikariPool-1 - Starting...
2021-01-06 17:06:40.743 [main] INFO  com.zaxxer.hikari.HikariDataSource - HikariPool-1 - Start completed.
2021-01-06 17:06:41.096 [main] INFO  s.d.s.w.PropertySourcedRequestMappingHandlerMapping - Mapped URL path [/v2/api-docs] onto method [springfox.documentation.swagger2.web.Swagger2Controller#getDocumentation(String, HttpServletRequest)]
2021-01-06 17:06:41.162 [main] INFO  o.s.scheduling.concurrent.ThreadPoolTaskExecutor - Initializing ExecutorService 'applicationTaskExecutor'
2021-01-06 17:06:41.302 [main] INFO  s.d.s.web.plugins.DocumentationPluginsBootstrapper - Context refreshed
2021-01-06 17:06:41.316 [main] INFO  s.d.s.web.plugins.DocumentationPluginsBootstrapper - Found 1 custom documentation plugin(s)
2021-01-06 17:06:41.349 [main] INFO  s.d.spring.web.scanners.ApiListingReferenceScanner - Scanning for api listing references
2021-01-06 17:06:41.462 [main] INFO  org.apache.coyote.http11.Http11NioProtocol - Starting ProtocolHandler ["http-nio-8090"]
2021-01-06 17:06:41.492 [main] INFO  o.s.boot.web.embedded.tomcat.TomcatWebServer - Tomcat started on port(s): 8090 (http) with context path ''
2021-01-06 17:06:41.495 [main] INFO  com.atshixin.edu.EduApplication - Started EduApplication in 3.095 seconds (JVM running for 3.785)
2021-01-06 17:09:39.499 [http-nio-8090-exec-1] INFO  o.a.c.core.ContainerBase.[Tomcat].[localhost].[/] - Initializing Spring DispatcherServlet 'dispatcherServlet'
2021-01-06 17:09:39.500 [http-nio-8090-exec-1] INFO  org.springframework.web.servlet.DispatcherServlet - Initializing Servlet 'dispatcherServlet'
2021-01-06 17:09:39.507 [http-nio-8090-exec-1] INFO  org.springframework.web.servlet.DispatcherServlet - Completed initialization in 7 ms
2021-01-06 18:04:19.463 [SpringContextShutdownHook] INFO  o.s.scheduling.concurrent.ThreadPoolTaskExecutor - Shutting down ExecutorService 'applicationTaskExecutor'
2021-01-06 18:04:19.468 [SpringContextShutdownHook] INFO  com.zaxxer.hikari.HikariDataSource - HikariPool-1 - Shutdown initiated...
2021-01-06 18:04:19.474 [SpringContextShutdownHook] INFO  com.zaxxer.hikari.HikariDataSource - HikariPool-1 - Shutdown completed.
