2021-01-17 10:53:38.637 [http-nio-8090-exec-1] ERROR c.a.base.exceptionHandler.GlobalExceptionHandler - Invalid bound statement (not found): com.atshixin.edu.mapper.CourseMapper.getCourses
2021-01-17 10:54:34.841 [http-nio-8090-exec-1] ERROR c.a.base.exceptionHandler.GlobalExceptionHandler - nested exception is org.apache.ibatis.builder.BuilderException: Error evaluating expression 'ew.customSqlSegment'. Cause: org.apache.ibatis.ognl.NoSuchPropertyException: com.baomidou.mybatisplus.core.conditions.query.QueryWrapper.customSqlSegment
2021-01-17 11:47:29.295 [http-nio-8090-exec-2] ERROR c.a.base.exceptionHandler.GlobalExceptionHandler - 
### Error querying database.  Cause: java.sql.SQLSyntaxErrorException: You have an error in your SQL syntax; check the manual that corresponds to your MySQL server version for the right syntax to use near 'LEFT JOIN edu_course ec on ec.subject_parent_id = et.id,
                    LEF' at line 5
### The error may exist in file [/Users/xieshixin/learnplace/java/guli/service/edu/target/classes/com/atshixin/edu/mapper/xml/CourseMapper.xml]
### The error may involve defaultParameterMap
### The error occurred while setting parameters
### SQL: SELECT                ec.*, et.name teacherName, ec.title as subjectParentName, ec2.title as subjectName         FROM edu_course ec                     LEFT JOIN edu_teacher et ON ec.teacher_id = et.id,                     LEFT JOIN edu_course ec on ec.subject_parent_id = et.id,                     LEFT JOIN edu_course ec2 on ec.subject_id = ec2.id         WHERE (title LIKE ?)
### Cause: java.sql.SQLSyntaxErrorException: You have an error in your SQL syntax; check the manual that corresponds to your MySQL server version for the right syntax to use near 'LEFT JOIN edu_course ec on ec.subject_parent_id = et.id,
                    LEF' at line 5
; bad SQL grammar []; nested exception is java.sql.SQLSyntaxErrorException: You have an error in your SQL syntax; check the manual that corresponds to your MySQL server version for the right syntax to use near 'LEFT JOIN edu_course ec on ec.subject_parent_id = et.id,
                    LEF' at line 5
2021-01-17 11:48:43.304 [http-nio-8090-exec-2] ERROR c.a.base.exceptionHandler.GlobalExceptionHandler - 
### Error querying database.  Cause: java.sql.SQLSyntaxErrorException: Not unique table/alias: 'ec'
### The error may exist in file [/Users/xieshixin/learnplace/java/guli/service/edu/target/classes/com/atshixin/edu/mapper/xml/CourseMapper.xml]
### The error may involve defaultParameterMap
### The error occurred while setting parameters
### SQL: SELECT                ec.*, et.name teacherName, ec.title as subjectParentName, ec2.title as subjectName         FROM edu_course ec                     LEFT JOIN edu_teacher et ON ec.teacher_id = et.id                     LEFT JOIN edu_course ec on ec.subject_parent_id = et.id                     LEFT JOIN edu_course ec2 on ec.subject_id = ec2.id         WHERE (title LIKE ?)
### Cause: java.sql.SQLSyntaxErrorException: Not unique table/alias: 'ec'
; bad SQL grammar []; nested exception is java.sql.SQLSyntaxErrorException: Not unique table/alias: 'ec'
2021-01-17 11:48:48.065 [http-nio-8090-exec-6] ERROR c.a.base.exceptionHandler.GlobalExceptionHandler - 
### Error querying database.  Cause: java.sql.SQLSyntaxErrorException: Not unique table/alias: 'ec'
### The error may exist in file [/Users/xieshixin/learnplace/java/guli/service/edu/target/classes/com/atshixin/edu/mapper/xml/CourseMapper.xml]
### The error may involve defaultParameterMap
### The error occurred while setting parameters
### SQL: SELECT                ec.*, et.name teacherName, ec.title as subjectParentName, ec2.title as subjectName         FROM edu_course ec                     LEFT JOIN edu_teacher et ON ec.teacher_id = et.id                     LEFT JOIN edu_course ec on ec.subject_parent_id = et.id                     LEFT JOIN edu_course ec2 on ec.subject_id = ec2.id
### Cause: java.sql.SQLSyntaxErrorException: Not unique table/alias: 'ec'
; bad SQL grammar []; nested exception is java.sql.SQLSyntaxErrorException: Not unique table/alias: 'ec'
2021-01-17 11:49:03.936 [http-nio-8090-exec-5] ERROR c.a.base.exceptionHandler.GlobalExceptionHandler - 
### Error querying database.  Cause: java.sql.SQLSyntaxErrorException: Not unique table/alias: 'ec'
### The error may exist in file [/Users/xieshixin/learnplace/java/guli/service/edu/target/classes/com/atshixin/edu/mapper/xml/CourseMapper.xml]
### The error may involve defaultParameterMap
### The error occurred while setting parameters
### SQL: SELECT                ec.*, et.name teacherName, ec.title as subjectParentName, ec2.title as subjectName         FROM edu_course ec                     LEFT JOIN edu_teacher et ON ec.teacher_id = et.id                     LEFT JOIN edu_course ec on ec.subject_parent_id = et.id                     LEFT JOIN edu_course ec2 on ec.subject_id = ec2.id
### Cause: java.sql.SQLSyntaxErrorException: Not unique table/alias: 'ec'
; bad SQL grammar []; nested exception is java.sql.SQLSyntaxErrorException: Not unique table/alias: 'ec'
2021-01-17 11:51:55.181 [http-nio-8090-exec-8] ERROR c.a.base.exceptionHandler.GlobalExceptionHandler - 
### Error querying database.  Cause: java.sql.SQLIntegrityConstraintViolationException: Column 'title' in where clause is ambiguous
### The error may exist in file [/Users/xieshixin/learnplace/java/guli/service/edu/target/classes/com/atshixin/edu/mapper/xml/CourseMapper.xml]
### The error may involve defaultParameterMap
### The error occurred while setting parameters
### SQL: SELECT                ec.*, et.name teacherName, es.title as subjectParentName, es2.title as subjectName         FROM edu_course ec                     LEFT JOIN edu_teacher et ON ec.teacher_id = et.id                     LEFT JOIN edu_subject es ON ec.subject_parent_id = es.id                     LEFT JOIN edu_subject es2 ON ec.subject_id = es2.id         WHERE (title LIKE ?)
### Cause: java.sql.SQLIntegrityConstraintViolationException: Column 'title' in where clause is ambiguous
; Column 'title' in where clause is ambiguous; nested exception is java.sql.SQLIntegrityConstraintViolationException: Column 'title' in where clause is ambiguous
2021-01-17 11:52:41.825 [http-nio-8090-exec-2] ERROR c.a.base.exceptionHandler.GlobalExceptionHandler - 
### Error querying database.  Cause: java.sql.SQLIntegrityConstraintViolationException: Column 'title' in where clause is ambiguous
### The error may exist in file [/Users/xieshixin/learnplace/java/guli/service/edu/target/classes/com/atshixin/edu/mapper/xml/CourseMapper.xml]
### The error may involve defaultParameterMap
### The error occurred while setting parameters
### SQL: SELECT                ec.*, et.name teacherName, es.title subjectParentName, es2.title subjectName         FROM edu_course ec                     LEFT JOIN edu_teacher et ON ec.teacher_id = et.id                     LEFT JOIN edu_subject es ON ec.subject_parent_id = es.id                     LEFT JOIN edu_subject es2 ON ec.subject_id = es2.id         WHERE (title LIKE ?)
### Cause: java.sql.SQLIntegrityConstraintViolationException: Column 'title' in where clause is ambiguous
; Column 'title' in where clause is ambiguous; nested exception is java.sql.SQLIntegrityConstraintViolationException: Column 'title' in where clause is ambiguous
2021-01-17 11:58:50.945 [http-nio-8090-exec-8] ERROR c.a.base.exceptionHandler.GlobalExceptionHandler - 
### Error querying database.  Cause: java.sql.SQLIntegrityConstraintViolationException: Column 'title' in where clause is ambiguous
### The error may exist in file [/Users/xieshixin/learnplace/java/guli/service/edu/target/classes/com/atshixin/edu/mapper/xml/CourseMapper.xml]
### The error may involve defaultParameterMap
### The error occurred while setting parameters
### SQL: SELECT                ec.id, ec.title, ec.subject_parent_id, ec.subject_id, ec.price, ec.lesson_num as lessonNum, ec.cover, ec.gmt_create as gmtCreate,                ec.buy_count as buyCount, ec.view_count as viewCount, ec.status,                et.name as teacherName, es.title as subjectParentName, es2.title as subjectName         FROM edu_course ec                     LEFT JOIN edu_teacher et ON ec.teacher_id = et.id                     LEFT JOIN edu_subject es ON ec.subject_parent_id = es.id                     LEFT JOIN edu_subject es2 ON ec.subject_id = es2.id         WHERE (title LIKE ?)
### Cause: java.sql.SQLIntegrityConstraintViolationException: Column 'title' in where clause is ambiguous
; Column 'title' in where clause is ambiguous; nested exception is java.sql.SQLIntegrityConstraintViolationException: Column 'title' in where clause is ambiguous
2021-01-17 12:03:20.209 [http-nio-8090-exec-6] ERROR c.a.base.exceptionHandler.GlobalExceptionHandler - 
### Error querying database.  Cause: java.sql.SQLIntegrityConstraintViolationException: Column 'gmt_create' in where clause is ambiguous
### The error may exist in file [/Users/xieshixin/learnplace/java/guli/service/edu/target/classes/com/atshixin/edu/mapper/xml/CourseMapper.xml]
### The error may involve defaultParameterMap
### The error occurred while setting parameters
### SQL: SELECT                ec.id, ec.title, ec.subject_parent_id, ec.subject_id, ec.price, ec.lesson_num as lessonNum, ec.cover, ec.gmt_create as gmtCreate,                ec.buy_count as buyCount, ec.view_count as viewCount, ec.status,                et.name as teacherName, es.title as subjectParentName, es2.title as subjectName         FROM edu_course ec                     LEFT JOIN edu_teacher et ON ec.teacher_id = et.id                     LEFT JOIN edu_subject es ON ec.subject_parent_id = es.id                     LEFT JOIN edu_subject es2 ON ec.subject_id = es2.id         WHERE (gmt_create >= ? AND gmt_create <= ?)
### Cause: java.sql.SQLIntegrityConstraintViolationException: Column 'gmt_create' in where clause is ambiguous
; Column 'gmt_create' in where clause is ambiguous; nested exception is java.sql.SQLIntegrityConstraintViolationException: Column 'gmt_create' in where clause is ambiguous
2021-01-17 12:07:20.189 [http-nio-8090-exec-2] ERROR c.a.base.exceptionHandler.GlobalExceptionHandler - 
### Error querying database.  Cause: java.sql.SQLSyntaxErrorException: FUNCTION ec.WHERE does not exist. Check the 'Function Name Parsing and Resolution' section in the Reference Manual
### The error may exist in file [/Users/xieshixin/learnplace/java/guli/service/edu/target/classes/com/atshixin/edu/mapper/xml/CourseMapper.xml]
### The error may involve defaultParameterMap
### The error occurred while setting parameters
### SQL: SELECT                ec.id, ec.title, ec.subject_parent_id, ec.subject_id, ec.price, ec.lesson_num as lessonNum, ec.cover, ec.gmt_create as gmtCreate,                ec.buy_count as buyCount, ec.view_count as viewCount, ec.status,                et.name as teacherName, es.title as subjectParentName, es2.title as subjectName         FROM edu_course ec                     LEFT JOIN edu_teacher et ON ec.teacher_id = et.id                     LEFT JOIN edu_subject es ON ec.subject_parent_id = es.id                     LEFT JOIN edu_subject es2 ON ec.subject_id = es2.id         where ec.WHERE (gmt_create >= ? AND gmt_create <= ?)
### Cause: java.sql.SQLSyntaxErrorException: FUNCTION ec.WHERE does not exist. Check the 'Function Name Parsing and Resolution' section in the Reference Manual
; bad SQL grammar []; nested exception is java.sql.SQLSyntaxErrorException: FUNCTION ec.WHERE does not exist. Check the 'Function Name Parsing and Resolution' section in the Reference Manual
2021-01-17 12:12:20.016 [http-nio-8090-exec-2] ERROR c.a.base.exceptionHandler.GlobalExceptionHandler - 
### Error querying database.  Cause: java.sql.SQLSyntaxErrorException: You have an error in your SQL syntax; check the manual that corresponds to your MySQL server version for the right syntax to use near 'WHERE (ec.gmt_create >= '2020-12-31T16:00:00.000Z' AND ec.gmt_create <= '2021-01' at line 9
### The error may exist in file [/Users/xieshixin/learnplace/java/guli/service/edu/target/classes/com/atshixin/edu/mapper/xml/CourseMapper.xml]
### The error may involve defaultParameterMap
### The error occurred while setting parameters
### SQL: SELECT                ec.id, ec.title, ec.subject_parent_id, ec.subject_id, ec.price, ec.lesson_num as lessonNum, ec.cover, ec.gmt_create as gmtCreate,                ec.buy_count as buyCount, ec.view_count as viewCount, ec.status,                et.name as teacherName, es.title as subjectParentName, es2.title as subjectName         FROM edu_course ec                     LEFT JOIN edu_teacher et ON ec.teacher_id = et.id                     LEFT JOIN edu_subject es ON ec.subject_parent_id = es.id                     LEFT JOIN edu_subject es2 ON ec.subject_id = es2.id         where WHERE (ec.gmt_create >= ? AND ec.gmt_create <= ?)
### Cause: java.sql.SQLSyntaxErrorException: You have an error in your SQL syntax; check the manual that corresponds to your MySQL server version for the right syntax to use near 'WHERE (ec.gmt_create >= '2020-12-31T16:00:00.000Z' AND ec.gmt_create <= '2021-01' at line 9
; bad SQL grammar []; nested exception is java.sql.SQLSyntaxErrorException: You have an error in your SQL syntax; check the manual that corresponds to your MySQL server version for the right syntax to use near 'WHERE (ec.gmt_create >= '2020-12-31T16:00:00.000Z' AND ec.gmt_create <= '2021-01' at line 9
2021-01-17 12:22:34.701 [http-nio-8090-exec-8] ERROR c.a.base.exceptionHandler.GlobalExceptionHandler - 
### Error querying database.  Cause: java.sql.SQLIntegrityConstraintViolationException: Column 'title' in where clause is ambiguous
### The error may exist in file [/Users/xieshixin/learnplace/java/guli/service/edu/target/classes/com/atshixin/edu/mapper/xml/CourseMapper.xml]
### The error may involve defaultParameterMap
### The error occurred while setting parameters
### SQL: SELECT                ec.*,                et.name as teacherName, es.title as subjectParentName, es2.title as subjectName         FROM edu_course ec                     LEFT JOIN edu_teacher et ON ec.teacher_id = et.id                     LEFT JOIN edu_subject es ON ec.subject_parent_id = es.id                     LEFT JOIN edu_subject es2 ON ec.subject_id = es2.id WHERE (title LIKE ?)
### Cause: java.sql.SQLIntegrityConstraintViolationException: Column 'title' in where clause is ambiguous
; Column 'title' in where clause is ambiguous; nested exception is java.sql.SQLIntegrityConstraintViolationException: Column 'title' in where clause is ambiguous
2021-01-17 12:39:17.030 [http-nio-8090-exec-5] ERROR c.a.base.exceptionHandler.GlobalExceptionHandler - 
### Error querying database.  Cause: java.sql.SQLIntegrityConstraintViolationException: Column 'title' in where clause is ambiguous
### The error may exist in file [/Users/xieshixin/learnplace/java/guli/service/edu/target/classes/com/atshixin/edu/mapper/xml/CourseMapper.xml]
### The error may involve defaultParameterMap
### The error occurred while setting parameters
### SQL: SELECT                ec.*         FROM edu_course ec                     LEFT JOIN edu_teacher et ON ec.teacher_id = et.id                     LEFT JOIN edu_subject es ON ec.subject_parent_id = es.id                     LEFT JOIN edu_subject es2 ON ec.subject_id = es2.id WHERE (title LIKE ?)
### Cause: java.sql.SQLIntegrityConstraintViolationException: Column 'title' in where clause is ambiguous
; Column 'title' in where clause is ambiguous; nested exception is java.sql.SQLIntegrityConstraintViolationException: Column 'title' in where clause is ambiguous
